<?xml version="1.0" encoding="UTF-8"?>
<!-- Generated by org.testng.reporters.JUnitXMLReporter -->
<testsuite ignored="0" hostname="PRO-LP146" failures="0" tests="4" name="Zaza Sanity" time="54.275" errors="0" timestamp="2020-03-08T16:04:52 IST">
  <testcase classname="specs.zazatest1" name="prod_deleteBag" time="9.976"/>
  <testcase classname="specs.zazatest1" name="prod_deleteBag" time="10.521"/>
  <testcase classname="specs.zazatest1" name="prod_deleteBag" time="10.062"/>
  <testcase classname="specs.zazatest1" name="prod_deleteBag" time="9.804"/>
</testsuite> <!-- Zaza Sanity -->
